# JRE version: Java(TM) SE Runtime Environment (8.0_65-b17) (build 1.8.0_65-b17)
# Java VM: Java HotSpot(TM) 64-Bit Server VM (25.65-b01 mixed mode windows-amd64 compressed oops)
Heap:
 PSYoungGen      total 203776K, used 146499K [0x00000000d5f80000, 0x00000000e3c80000, 0x0000000100000000)
  eden space 188416K, 69% used [0x00000000d5f80000,0x00000000ddf91798,0x00000000e1780000)
  from space 15360K, 99% used [0x00000000e2c80000,0x00000000e3b7f620,0x00000000e3b80000)
  to   space 18944K, 0% used [0x00000000e1780000,0x00000000e1780000,0x00000000e2a00000)
 ParOldGen       total 88576K, used 22708K [0x0000000081e00000, 0x0000000087480000, 0x00000000d5f80000)
  object space 88576K, 25% used [0x0000000081e00000,0x000000008342d028,0x0000000087480000)
 Metaspace       used 51419K, capacity 54828K, committed 55168K, reserved 1097728K
  class space    used 6633K, capacity 7210K, committed 7296K, reserved 1048576K
GC Heap History (10 events):
Event: 10.629 GC heap before
{Heap before GC invocations=8 (full 1):
 PSYoungGen      total 111616K, used 85842K [0x00000000d5f80000, 0x00000000dda00000, 0x0000000100000000)
  eden space 102912K, 74% used [0x00000000d5f80000,0x00000000daad7838,0x00000000dc400000)
  from space 8704K, 99% used [0x00000000dd000000,0x00000000dd87d288,0x00000000dd880000)
  to   space 11264K, 0% used [0x00000000dc400000,0x00000000dc400000,0x00000000dcf00000)
 ParOldGen       total 55296K, used 10989K [0x0000000081e00000, 0x0000000085400000, 0x00000000d5f80000)
  object space 55296K, 19% used [0x0000000081e00000,0x00000000828bb590,0x0000000085400000)
 Metaspace       used 33864K, capacity 35322K, committed 35496K, reserved 1079296K
  class space    used 4569K, capacity 4851K, committed 4864K, reserved 1048576K
Event: 10.645 GC heap after
Heap after GC invocations=8 (full 1):
 PSYoungGen      total 114176K, used 11253K [0x00000000d5f80000, 0x00000000e1200000, 0x0000000100000000)
  eden space 102912K, 0% used [0x00000000d5f80000,0x00000000d5f80000,0x00000000dc400000)
  from space 11264K, 99% used [0x00000000dc400000,0x00000000dcefd6c8,0x00000000dcf00000)
  to   space 13824K, 0% used [0x00000000e0480000,0x00000000e0480000,0x00000000e1200000)
 ParOldGen       total 55296K, used 13334K [0x0000000081e00000, 0x0000000085400000, 0x00000000d5f80000)
  object space 55296K, 24% used [0x0000000081e00000,0x0000000082b05bf8,0x0000000085400000)
 Metaspace       used 33864K, capacity 35322K, committed 35496K, reserved 1079296K
  class space    used 4569K, capacity 4851K, committed 4864K, reserved 1048576K
}
Event: 10.645 GC heap before
{Heap before GC invocations=9 (full 2):
 PSYoungGen      total 114176K, used 11253K [0x00000000d5f80000, 0x00000000e1200000, 0x0000000100000000)
  eden space 102912K, 0% used [0x00000000d5f80000,0x00000000d5f80000,0x00000000dc400000)
  from space 11264K, 99% used [0x00000000dc400000,0x00000000dcefd6c8,0x00000000dcf00000)
  to   space 13824K, 0% used [0x00000000e0480000,0x00000000e0480000,0x00000000e1200000)
 ParOldGen       total 55296K, used 13334K [0x0000000081e00000, 0x0000000085400000, 0x00000000d5f80000)
  object space 55296K, 24% used [0x0000000081e00000,0x0000000082b05bf8,0x0000000085400000)
 Metaspace       used 33864K, capacity 35322K, committed 35496K, reserved 1079296K
  class space    used 4569K, capacity 4851K, committed 4864K, reserved 1048576K
Event: 10.763 GC heap after
Heap after GC invocations=9 (full 2):
 PSYoungGen      total 114176K, used 0K [0x00000000d5f80000, 0x00000000e1200000, 0x0000000100000000)
  eden space 102912K, 0% used [0x00000000d5f80000,0x00000000d5f80000,0x00000000dc400000)
  from space 11264K, 0% used [0x00000000dc400000,0x00000000dc400000,0x00000000dcf00000)
  to   space 13824K, 0% used [0x00000000e0480000,0x00000000e0480000,0x00000000e1200000)
 ParOldGen       total 88576K, used 18407K [0x0000000081e00000, 0x0000000087480000, 0x00000000d5f80000)
  object space 88576K, 20% used [0x0000000081e00000,0x0000000082ff9e18,0x0000000087480000)
 Metaspace       used 33864K, capacity 35322K, committed 35496K, reserved 1079296K
  class space    used 4569K, capacity 4851K, committed 4864K, reserved 1048576K
}
Event: 11.112 GC heap before
{Heap before GC invocations=10 (full 2):
 PSYoungGen      total 114176K, used 102912K [0x00000000d5f80000, 0x00000000e1200000, 0x0000000100000000)
  eden space 102912K, 100% used [0x00000000d5f80000,0x00000000dc400000,0x00000000dc400000)
  from space 11264K, 0% used [0x00000000dc400000,0x00000000dc400000,0x00000000dcf00000)
  to   space 13824K, 0% used [0x00000000e0480000,0x00000000e0480000,0x00000000e1200000)
 ParOldGen       total 88576K, used 18407K [0x0000000081e00000, 0x0000000087480000, 0x00000000d5f80000)
  object space 88576K, 20% used [0x0000000081e00000,0x0000000082ff9e18,0x0000000087480000)
 Metaspace       used 34383K, capacity 35876K, committed 36224K, reserved 1081344K
  class space    used 4623K, capacity 4922K, committed 4992K, reserved 1048576K
Event: 11.114 GC heap after
Heap after GC invocations=10 (full 2):
 PSYoungGen      total 164864K, used 1350K [0x00000000d5f80000, 0x00000000e1080000, 0x0000000100000000)
  eden space 152576K, 0% used [0x00000000d5f80000,0x00000000d5f80000,0x00000000df480000)
  from space 12288K, 10% used [0x00000000e0480000,0x00000000e05d1840,0x00000000e1080000)
  to   space 14336K, 0% used [0x00000000df480000,0x00000000df480000,0x00000000e0280000)
 ParOldGen       total 88576K, used 18415K [0x0000000081e00000, 0x0000000087480000, 0x00000000d5f80000)
  object space 88576K, 20% used [0x0000000081e00000,0x0000000082ffbe18,0x0000000087480000)
 Metaspace       used 34383K, capacity 35876K, committed 36224K, reserved 1081344K
  class space    used 4623K, capacity 4922K, committed 4992K, reserved 1048576K
}
Event: 14.714 GC heap before
{Heap before GC invocations=11 (full 2):
 PSYoungGen      total 164864K, used 153926K [0x00000000d5f80000, 0x00000000e1080000, 0x0000000100000000)
  eden space 152576K, 100% used [0x00000000d5f80000,0x00000000df480000,0x00000000df480000)
  from space 12288K, 10% used [0x00000000e0480000,0x00000000e05d1840,0x00000000e1080000)
  to   space 14336K, 0% used [0x00000000df480000,0x00000000df480000,0x00000000e0280000)
 ParOldGen       total 88576K, used 18415K [0x0000000081e00000, 0x0000000087480000, 0x00000000d5f80000)
  object space 88576K, 20% used [0x0000000081e00000,0x0000000082ffbe18,0x0000000087480000)
 Metaspace       used 41929K, capacity 43782K, committed 44032K, reserved 1087488K
  class space    used 5489K, capacity 5849K, committed 5888K, reserved 1048576K
Event: 14.762 GC heap after
Heap after GC invocations=11 (full 2):
 PSYoungGen      total 166912K, used 12042K [0x00000000d5f80000, 0x00000000e3b80000, 0x0000000100000000)
  eden space 152576K, 0% used [0x00000000d5f80000,0x00000000d5f80000,0x00000000df480000)
  from space 14336K, 84% used [0x00000000df480000,0x00000000e0042988,0x00000000e0280000)
  to   space 15360K, 0% used [0x00000000e2c80000,0x00000000e2c80000,0x00000000e3b80000)
 ParOldGen       total 88576K, used 18423K [0x0000000081e00000, 0x0000000087480000, 0x00000000d5f80000)
  object space 88576K, 20% used [0x0000000081e00000,0x0000000082ffde18,0x0000000087480000)
 Metaspace       used 41929K, capacity 43782K, committed 44032K, reserved 1087488K
  class space    used 5489K, capacity 5849K, committed 5888K, reserved 1048576K
}
Event: 1545.583 GC heap before
{Heap before GC invocations=12 (full 2):
 PSYoungGen      total 166912K, used 164618K [0x00000000d5f80000, 0x00000000e3b80000, 0x0000000100000000)
  eden space 152576K, 100% used [0x00000000d5f80000,0x00000000df480000,0x00000000df480000)
  from space 14336K, 84% used [0x00000000df480000,0x00000000e0042988,0x00000000e0280000)
  to   space 15360K, 0% used [0x00000000e2c80000,0x00000000e2c80000,0x00000000e3b80000)
 ParOldGen       total 88576K, used 18423K [0x0000000081e00000, 0x0000000087480000, 0x00000000d5f80000)
  object space 88576K, 20% used [0x0000000081e00000,0x0000000082ffde18,0x0000000087480000)
 Metaspace       used 50824K, capacity 54032K, committed 54272K, reserved 1095680K
  class space    used 6591K, capacity 7152K, committed 7168K, reserved 1048576K
Event: 1545.611 GC heap after
Heap after GC invocations=12 (full 2):
 PSYoungGen      total 203776K, used 15357K [0x00000000d5f80000, 0x00000000e3c80000, 0x0000000100000000)
  eden space 188416K, 0% used [0x00000000d5f80000,0x00000000d5f80000,0x00000000e1780000)
  from space 15360K, 99% used [0x00000000e2c80000,0x00000000e3b7f620,0x00000000e3b80000)
  to   space 18944K, 0% used [0x00000000e1780000,0x00000000e1780000,0x00000000e2a00000)
 ParOldGen       total 88576K, used 22708K [0x0000000081e00000, 0x0000000087480000, 0x00000000d5f80000)
  object space 88576K, 25% used [0x0000000081e00000,0x000000008342d028,0x0000000087480000)
 Metaspace       used 50824K, capacity 54032K, committed 54272K, reserved 1095680K
  class space    used 6591K, capacity 7152K, committed 7168K, reserved 1048576K
}

