# JRE version: Java(TM) SE Runtime Environment (8.0_65-b17) (build 1.8.0_65-b17)
# Java VM: Java HotSpot(TM) 64-Bit Server VM (25.65-b01 mixed mode windows-amd64 compressed oops)
Heap:
 PSYoungGen      total 178688K, used 79478K [0x00000000d5f80000, 0x00000000e4100000, 0x0000000100000000)
  eden space 162816K, 39% used [0x00000000d5f80000,0x00000000d9d9fb38,0x00000000dfe80000)
  from space 15872K, 99% used [0x00000000e3180000,0x00000000e40fde10,0x00000000e4100000)
  to   space 19456K, 0% used [0x00000000e1b00000,0x00000000e1b00000,0x00000000e2e00000)
 ParOldGen       total 85504K, used 22518K [0x0000000081e00000, 0x0000000087180000, 0x00000000d5f80000)
  object space 85504K, 26% used [0x0000000081e00000,0x00000000833fdaf8,0x0000000087180000)
 Metaspace       used 51699K, capacity 55152K, committed 55168K, reserved 1097728K
  class space    used 6701K, capacity 7286K, committed 7296K, reserved 1048576K
GC Heap History (10 events):
Event: 11.603 GC heap before
{Heap before GC invocations=8 (full 1):
 PSYoungGen      total 118784K, used 87739K [0x00000000d5f80000, 0x00000000de380000, 0x0000000100000000)
  eden space 110080K, 71% used [0x00000000d5f80000,0x00000000dacaf8a8,0x00000000dcb00000)
  from space 8704K, 99% used [0x00000000dd600000,0x00000000dde7f438,0x00000000dde80000)
  to   space 11264K, 0% used [0x00000000dcb00000,0x00000000dcb00000,0x00000000dd600000)
 ParOldGen       total 52224K, used 11011K [0x0000000081e00000, 0x0000000085100000, 0x00000000d5f80000)
  object space 52224K, 21% used [0x0000000081e00000,0x00000000828c0fd0,0x0000000085100000)
 Metaspace       used 33860K, capacity 35318K, committed 35496K, reserved 1079296K
  class space    used 4569K, capacity 4851K, committed 4864K, reserved 1048576K
Event: 11.624 GC heap after
Heap after GC invocations=8 (full 1):
 PSYoungGen      total 121344K, used 11254K [0x00000000d5f80000, 0x00000000e2c80000, 0x0000000100000000)
  eden space 110080K, 0% used [0x00000000d5f80000,0x00000000d5f80000,0x00000000dcb00000)
  from space 11264K, 99% used [0x00000000dcb00000,0x00000000dd5fd9b0,0x00000000dd600000)
  to   space 13824K, 0% used [0x00000000e1f00000,0x00000000e1f00000,0x00000000e2c80000)
 ParOldGen       total 52224K, used 13390K [0x0000000081e00000, 0x0000000085100000, 0x00000000d5f80000)
  object space 52224K, 25% used [0x0000000081e00000,0x0000000082b139e0,0x0000000085100000)
 Metaspace       used 33860K, capacity 35318K, committed 35496K, reserved 1079296K
  class space    used 4569K, capacity 4851K, committed 4864K, reserved 1048576K
}
Event: 11.624 GC heap before
{Heap before GC invocations=9 (full 2):
 PSYoungGen      total 121344K, used 11254K [0x00000000d5f80000, 0x00000000e2c80000, 0x0000000100000000)
  eden space 110080K, 0% used [0x00000000d5f80000,0x00000000d5f80000,0x00000000dcb00000)
  from space 11264K, 99% used [0x00000000dcb00000,0x00000000dd5fd9b0,0x00000000dd600000)
  to   space 13824K, 0% used [0x00000000e1f00000,0x00000000e1f00000,0x00000000e2c80000)
 ParOldGen       total 52224K, used 13390K [0x0000000081e00000, 0x0000000085100000, 0x00000000d5f80000)
  object space 52224K, 25% used [0x0000000081e00000,0x0000000082b139e0,0x0000000085100000)
 Metaspace       used 33860K, capacity 35318K, committed 35496K, reserved 1079296K
  class space    used 4569K, capacity 4851K, committed 4864K, reserved 1048576K
Event: 11.781 GC heap after
Heap after GC invocations=9 (full 2):
 PSYoungGen      total 121344K, used 0K [0x00000000d5f80000, 0x00000000e2c80000, 0x0000000100000000)
  eden space 110080K, 0% used [0x00000000d5f80000,0x00000000d5f80000,0x00000000dcb00000)
  from space 11264K, 0% used [0x00000000dcb00000,0x00000000dcb00000,0x00000000dd600000)
  to   space 13824K, 0% used [0x00000000e1f00000,0x00000000e1f00000,0x00000000e2c80000)
 ParOldGen       total 85504K, used 18419K [0x0000000081e00000, 0x0000000087180000, 0x00000000d5f80000)
  object space 85504K, 21% used [0x0000000081e00000,0x0000000082ffcde8,0x0000000087180000)
 Metaspace       used 33860K, capacity 35318K, committed 35496K, reserved 1079296K
  class space    used 4569K, capacity 4851K, committed 4864K, reserved 1048576K
}
Event: 12.339 GC heap before
{Heap before GC invocations=10 (full 2):
 PSYoungGen      total 121344K, used 110080K [0x00000000d5f80000, 0x00000000e2c80000, 0x0000000100000000)
  eden space 110080K, 100% used [0x00000000d5f80000,0x00000000dcb00000,0x00000000dcb00000)
  from space 11264K, 0% used [0x00000000dcb00000,0x00000000dcb00000,0x00000000dd600000)
  to   space 13824K, 0% used [0x00000000e1f00000,0x00000000e1f00000,0x00000000e2c80000)
 ParOldGen       total 85504K, used 18419K [0x0000000081e00000, 0x0000000087180000, 0x00000000d5f80000)
  object space 85504K, 21% used [0x0000000081e00000,0x0000000082ffcde8,0x0000000087180000)
 Metaspace       used 34443K, capacity 35936K, committed 36224K, reserved 1081344K
  class space    used 4627K, capacity 4922K, committed 4992K, reserved 1048576K
Event: 12.343 GC heap after
Heap after GC invocations=10 (full 2):
 PSYoungGen      total 162304K, used 1486K [0x00000000d5f80000, 0x00000000e2080000, 0x0000000100000000)
  eden space 160768K, 0% used [0x00000000d5f80000,0x00000000d5f80000,0x00000000dfc80000)
  from space 1536K, 96% used [0x00000000e1f00000,0x00000000e2073978,0x00000000e2080000)
  to   space 14336K, 0% used [0x00000000e0480000,0x00000000e0480000,0x00000000e1280000)
 ParOldGen       total 85504K, used 18427K [0x0000000081e00000, 0x0000000087180000, 0x00000000d5f80000)
  object space 85504K, 21% used [0x0000000081e00000,0x0000000082ffede8,0x0000000087180000)
 Metaspace       used 34443K, capacity 35936K, committed 36224K, reserved 1081344K
  class space    used 4627K, capacity 4922K, committed 4992K, reserved 1048576K
}
Event: 27.645 GC heap before
{Heap before GC invocations=11 (full 2):
 PSYoungGen      total 162304K, used 162254K [0x00000000d5f80000, 0x00000000e2080000, 0x0000000100000000)
  eden space 160768K, 100% used [0x00000000d5f80000,0x00000000dfc80000,0x00000000dfc80000)
  from space 1536K, 96% used [0x00000000e1f00000,0x00000000e2073978,0x00000000e2080000)
  to   space 14336K, 0% used [0x00000000e0480000,0x00000000e0480000,0x00000000e1280000)
 ParOldGen       total 85504K, used 18427K [0x0000000081e00000, 0x0000000087180000, 0x00000000d5f80000)
  object space 85504K, 21% used [0x0000000081e00000,0x0000000082ffede8,0x0000000087180000)
 Metaspace       used 42856K, capacity 44718K, committed 44928K, reserved 1087488K
  class space    used 5609K, capacity 5963K, committed 6016K, reserved 1048576K
Event: 27.663 GC heap after
Heap after GC invocations=11 (full 2):
 PSYoungGen      total 183296K, used 12647K [0x00000000d5f80000, 0x00000000e4100000, 0x0000000100000000)
  eden space 168960K, 0% used [0x00000000d5f80000,0x00000000d5f80000,0x00000000e0480000)
  from space 14336K, 88% used [0x00000000e0480000,0x00000000e10d9db0,0x00000000e1280000)
  to   space 15872K, 0% used [0x00000000e3180000,0x00000000e3180000,0x00000000e4100000)
 ParOldGen       total 85504K, used 18435K [0x0000000081e00000, 0x0000000087180000, 0x00000000d5f80000)
  object space 85504K, 21% used [0x0000000081e00000,0x0000000083000de8,0x0000000087180000)
 Metaspace       used 42856K, capacity 44718K, committed 44928K, reserved 1087488K
  class space    used 5609K, capacity 5963K, committed 6016K, reserved 1048576K
}
Event: 3166.729 GC heap before
{Heap before GC invocations=12 (full 2):
 PSYoungGen      total 183296K, used 181607K [0x00000000d5f80000, 0x00000000e4100000, 0x0000000100000000)
  eden space 168960K, 100% used [0x00000000d5f80000,0x00000000e0480000,0x00000000e0480000)
  from space 14336K, 88% used [0x00000000e0480000,0x00000000e10d9db0,0x00000000e1280000)
  to   space 15872K, 0% used [0x00000000e3180000,0x00000000e3180000,0x00000000e4100000)
 ParOldGen       total 85504K, used 18435K [0x0000000081e00000, 0x0000000087180000, 0x00000000d5f80000)
  object space 85504K, 21% used [0x0000000081e00000,0x0000000083000de8,0x0000000087180000)
 Metaspace       used 51473K, capacity 54700K, committed 54912K, reserved 1097728K
  class space    used 6671K, capacity 7216K, committed 7296K, reserved 1048576K
Event: 3166.830 GC heap after
Heap after GC invocations=12 (full 2):
 PSYoungGen      total 178688K, used 15863K [0x00000000d5f80000, 0x00000000e4100000, 0x0000000100000000)
  eden space 162816K, 0% used [0x00000000d5f80000,0x00000000d5f80000,0x00000000dfe80000)
  from space 15872K, 99% used [0x00000000e3180000,0x00000000e40fde10,0x00000000e4100000)
  to   space 19456K, 0% used [0x00000000e1b00000,0x00000000e1b00000,0x00000000e2e00000)
 ParOldGen       total 85504K, used 22518K [0x0000000081e00000, 0x0000000087180000, 0x00000000d5f80000)
  object space 85504K, 26% used [0x0000000081e00000,0x00000000833fdaf8,0x0000000087180000)
 Metaspace       used 51473K, capacity 54700K, committed 54912K, reserved 1097728K
  class space    used 6671K, capacity 7216K, committed 7296K, reserved 1048576K
}

